
The following files have been resolved:
   org.springframework.boot:spring-boot-starter-security:jar:3.5.0:compile -- module spring.boot.starter.security [auto]
   org.springframework.boot:spring-boot-starter:jar:3.5.0:compile -- module spring.boot.starter [auto]
   org.springframework.boot:spring-boot-starter-logging:jar:3.5.0:compile -- module spring.boot.starter.logging [auto]
   ch.qos.logback:logback-classic:jar:1.5.18:compile -- module ch.qos.logback.classic
   ch.qos.logback:logback-core:jar:1.5.18:compile -- module ch.qos.logback.core
   org.apache.logging.log4j:log4j-to-slf4j:jar:2.24.3:compile -- module org.apache.logging.log4j.to.slf4j
   org.apache.logging.log4j:log4j-api:jar:2.24.3:compile -- module org.apache.logging.log4j
   org.slf4j:jul-to-slf4j:jar:2.0.17:compile -- module jul.to.slf4j
   jakarta.annotation:jakarta.annotation-api:jar:2.1.1:compile -- module jakarta.annotation
   org.yaml:snakeyaml:jar:2.4:compile -- module org.yaml.snakeyaml
   org.springframework:spring-aop:jar:6.2.7:compile -- module spring.aop [auto]
   org.springframework:spring-beans:jar:6.2.7:compile -- module spring.beans [auto]
   org.springframework.security:spring-security-config:jar:6.5.0:compile -- module spring.security.config [auto]
   org.springframework:spring-context:jar:6.2.7:compile -- module spring.context [auto]
   org.springframework.security:spring-security-web:jar:6.5.0:compile -- module spring.security.web [auto]
   org.springframework:spring-expression:jar:6.2.7:compile -- module spring.expression [auto]
   org.springframework.boot:spring-boot-starter-web:jar:3.5.0:compile -- module spring.boot.starter.web [auto]
   org.springframework.boot:spring-boot-starter-json:jar:3.5.0:compile -- module spring.boot.starter.json [auto]
   com.fasterxml.jackson.core:jackson-databind:jar:2.19.0:compile -- module com.fasterxml.jackson.databind
   com.fasterxml.jackson.core:jackson-annotations:jar:2.19.0:compile -- module com.fasterxml.jackson.annotation
   com.fasterxml.jackson.core:jackson-core:jar:2.19.0:compile -- module com.fasterxml.jackson.core
   com.fasterxml.jackson.datatype:jackson-datatype-jdk8:jar:2.19.0:compile -- module com.fasterxml.jackson.datatype.jdk8
   com.fasterxml.jackson.datatype:jackson-datatype-jsr310:jar:2.19.0:compile -- module com.fasterxml.jackson.datatype.jsr310
   com.fasterxml.jackson.module:jackson-module-parameter-names:jar:2.19.0:compile -- module com.fasterxml.jackson.module.paramnames
   org.springframework.boot:spring-boot-starter-tomcat:jar:3.5.0:compile -- module spring.boot.starter.tomcat [auto]
   org.apache.tomcat.embed:tomcat-embed-core:jar:10.1.41:compile -- module org.apache.tomcat.embed.core
   org.apache.tomcat.embed:tomcat-embed-el:jar:10.1.41:compile -- module org.apache.tomcat.embed.el
   org.apache.tomcat.embed:tomcat-embed-websocket:jar:10.1.41:compile -- module org.apache.tomcat.embed.websocket
   org.springframework:spring-web:jar:6.2.7:compile -- module spring.web [auto]
   io.micrometer:micrometer-observation:jar:1.15.0:compile -- module micrometer.observation [auto]
   io.micrometer:micrometer-commons:jar:1.15.0:compile -- module micrometer.commons [auto]
   org.springframework:spring-webmvc:jar:6.2.7:compile -- module spring.webmvc [auto]
   org.springframework.boot:spring-boot-starter-data-mongodb:jar:3.5.0:compile -- module spring.boot.starter.data.mongodb [auto]
   org.mongodb:mongodb-driver-sync:jar:5.4.0:compile -- module org.mongodb.driver.sync.client [auto]
   org.mongodb:bson:jar:5.4.0:compile -- module org.mongodb.bson [auto]
   org.mongodb:mongodb-driver-core:jar:5.4.0:compile -- module org.mongodb.driver.core [auto]
   org.mongodb:bson-record-codec:jar:5.4.0:runtime -- module org.mongodb.bson.record.codec [auto]
   org.springframework.data:spring-data-mongodb:jar:4.5.0:compile -- module spring.data.mongodb [auto]
   org.springframework:spring-tx:jar:6.2.7:compile -- module spring.tx [auto]
   org.springframework.data:spring-data-commons:jar:3.5.0:compile -- module spring.data.commons [auto]
   org.slf4j:slf4j-api:jar:2.0.17:compile -- module org.slf4j
   org.springframework.boot:spring-boot-devtools:jar:3.5.0:runtime (optional) -- module spring.boot.devtools [auto]
   org.springframework.boot:spring-boot:jar:3.5.0:compile -- module spring.boot [auto]
   org.springframework.boot:spring-boot-autoconfigure:jar:3.5.0:compile -- module spring.boot.autoconfigure [auto]
   org.springframework.boot:spring-boot-starter-test:jar:3.5.0:test -- module spring.boot.starter.test [auto]
   org.springframework.boot:spring-boot-test:jar:3.5.0:test -- module spring.boot.test [auto]
   org.springframework.boot:spring-boot-test-autoconfigure:jar:3.5.0:test -- module spring.boot.test.autoconfigure [auto]
   com.jayway.jsonpath:json-path:jar:2.9.0:test -- module json.path [auto]
   jakarta.xml.bind:jakarta.xml.bind-api:jar:4.0.2:test -- module jakarta.xml.bind
   jakarta.activation:jakarta.activation-api:jar:2.1.3:test -- module jakarta.activation
   net.minidev:json-smart:jar:2.5.2:test -- module json.smart (auto)
   net.minidev:accessors-smart:jar:2.5.2:test -- module accessors.smart (auto)
   org.ow2.asm:asm:jar:9.7.1:test -- module org.objectweb.asm
   org.assertj:assertj-core:jar:3.27.3:test -- module org.assertj.core
   net.bytebuddy:byte-buddy:jar:1.17.5:test -- module net.bytebuddy
   org.awaitility:awaitility:jar:4.3.0:test -- module awaitility (auto)
   org.hamcrest:hamcrest:jar:3.0:test -- module org.hamcrest [auto]
   org.junit.jupiter:junit-jupiter:jar:5.12.2:test -- module org.junit.jupiter
   org.junit.jupiter:junit-jupiter-api:jar:5.12.2:test -- module org.junit.jupiter.api
   org.opentest4j:opentest4j:jar:1.3.0:test -- module org.opentest4j
   org.junit.platform:junit-platform-commons:jar:1.12.2:test -- module org.junit.platform.commons
   org.apiguardian:apiguardian-api:jar:1.1.2:test -- module org.apiguardian.api
   org.junit.jupiter:junit-jupiter-params:jar:5.12.2:test -- module org.junit.jupiter.params
   org.junit.jupiter:junit-jupiter-engine:jar:5.12.2:test -- module org.junit.jupiter.engine
   org.junit.platform:junit-platform-engine:jar:1.12.2:test -- module org.junit.platform.engine
   org.mockito:mockito-core:jar:5.17.0:test -- module org.mockito
   net.bytebuddy:byte-buddy-agent:jar:1.17.5:test -- module net.bytebuddy.agent
   org.objenesis:objenesis:jar:3.3:test -- module org.objenesis [auto]
   org.mockito:mockito-junit-jupiter:jar:5.17.0:test -- module org.mockito.junit.jupiter
   org.skyscreamer:jsonassert:jar:1.5.3:test -- module jsonassert (auto)
   com.vaadin.external.google:android-json:jar:0.0.20131108.vaadin1:test -- module android.json (auto)
   org.springframework:spring-core:jar:6.2.7:compile -- module spring.core [auto]
   org.springframework:spring-jcl:jar:6.2.7:compile -- module spring.jcl [auto]
   org.springframework:spring-test:jar:6.2.7:test -- module spring.test [auto]
   org.xmlunit:xmlunit-core:jar:2.10.1:test -- module org.xmlunit [auto]
   org.springframework.security:spring-security-test:jar:6.5.0:test -- module spring.security.test [auto]
   org.springframework.security:spring-security-core:jar:6.5.0:compile -- module spring.security.core [auto]
   org.springframework.security:spring-security-crypto:jar:6.5.0:compile -- module spring.security.crypto [auto]

